<?xml version="1.0" encoding="UTF-8"?>
<!-- Generated by org.testng.reporters.JUnitReportReporter -->
<testsuite hostname="INMAASIDDGUNA2P" failures="0" tests="2" name="BrowserPages.TestClasses.SampleTest" time="1.384" errors="0" timestamp="17 Aug 2021 19:28:21 GMT" skipped="0">
  <testcase classname="BrowserPages.TestClasses.SampleTest" name="Test1" time="0.984"/>
  <testcase classname="BrowserPages.TestClasses.SampleTest" name="Test" time="0.400"/>
</testsuite> <!-- BrowserPages.TestClasses.SampleTest -->
