<?xml version="1.0" encoding="UTF-8"?>
<!-- Generated by org.testng.reporters.JUnitReportReporter -->
<testsuite hostname="INMAASIDDGUNA2P" failures="0" tests="4" name="SampleTest" time="58.717" errors="0" timestamp="14 Aug 2021 10:32:39 GMT" skipped="0">
  <testcase classname="SampleTest" name="Test" time="17.570"/>
  <testcase classname="SampleTest" name="Test" time="13.801"/>
  <testcase classname="SampleTest" name="Test1" time="11.057"/>
  <testcase classname="SampleTest" name="Test1" time="16.289"/>
</testsuite> <!-- SampleTest -->
